<?xml version="1.0" encoding="UTF-8"?>
<testsuite xmlns:xsi="http://www.w3.org/2001/XMLSchema-instance" xsi:noNamespaceSchemaLocation="https://maven.apache.org/surefire/maven-surefire-plugin/xsd/surefire-test-report.xsd" name="com.hit_se.se_project.SeProjectApplicationTests" time="2.535" tests="1" errors="0" skipped="0" failures="0">
  <properties>
    <property name="sun.desktop" value="windows"/>
    <property name="awt.toolkit" value="sun.awt.windows.WToolkit"/>
    <property name="file.encoding.pkg" value="sun.io"/>
    <property name="java.specification.version" value="1.8"/>
    <property name="sun.cpu.isalist" value="amd64"/>
    <property name="sun.jnu.encoding" value="GBK"/>
    <property name="java.class.path" value="E:\Java-project\SE_Project\target\test-classes;E:\Java-project\SE_Project\target\classes;F:\soft\apache-maven-3.6.3-bin\maven-repository\org\springframework\boot\spring-boot-starter-web\2.7.14-SNAPSHOT\spring-boot-starter-web-2.7.14-SNAPSHOT.jar;F:\soft\apache-maven-3.6.3-bin\maven-repository\org\springframework\boot\spring-boot-starter\2.7.14-SNAPSHOT\spring-boot-starter-2.7.14-SNAPSHOT.jar;F:\soft\apache-maven-3.6.3-bin\maven-repository\org\springframework\boot\spring-boot\2.7.14-SNAPSHOT\spring-boot-2.7.14-SNAPSHOT.jar;F:\soft\apache-maven-3.6.3-bin\maven-repository\org\springframework\boot\spring-boot-starter-logging\2.7.14-SNAPSHOT\spring-boot-starter-logging-2.7.14-SNAPSHOT.jar;F:\soft\apache-maven-3.6.3-bin\maven-repository\ch\qos\logback\logback-classic\1.2.12\logback-classic-1.2.12.jar;F:\soft\apache-maven-3.6.3-bin\maven-repository\ch\qos\logback\logback-core\1.2.12\logback-core-1.2.12.jar;F:\soft\apache-maven-3.6.3-bin\maven-repository\org\apache\logging\log4j\log4j-to-slf4j\2.17.2\log4j-to-slf4j-2.17.2.jar;F:\soft\apache-maven-3.6.3-bin\maven-repository\org\apache\logging\log4j\log4j-api\2.17.2\log4j-api-2.17.2.jar;F:\soft\apache-maven-3.6.3-bin\maven-repository\org\slf4j\jul-to-slf4j\1.7.36\jul-to-slf4j-1.7.36.jar;F:\soft\apache-maven-3.6.3-bin\maven-repository\jakarta\annotation\jakarta.annotation-api\1.3.5\jakarta.annotation-api-1.3.5.jar;F:\soft\apache-maven-3.6.3-bin\maven-repository\org\yaml\snakeyaml\1.30\snakeyaml-1.30.jar;F:\soft\apache-maven-3.6.3-bin\maven-repository\org\springframework\boot\spring-boot-starter-json\2.7.14-SNAPSHOT\spring-boot-starter-json-2.7.14-SNAPSHOT.jar;F:\soft\apache-maven-3.6.3-bin\maven-repository\com\fasterxml\jackson\core\jackson-databind\2.13.5\jackson-databind-2.13.5.jar;F:\soft\apache-maven-3.6.3-bin\maven-repository\com\fasterxml\jackson\core\jackson-annotations\2.13.5\jackson-annotations-2.13.5.jar;F:\soft\apache-maven-3.6.3-bin\maven-repository\com\fasterxml\jackson\core\jackson-core\2.13.5\jackson-core-2.13.5.jar;F:\soft\apache-maven-3.6.3-bin\maven-repository\com\fasterxml\jackson\datatype\jackson-datatype-jdk8\2.13.5\jackson-datatype-jdk8-2.13.5.jar;F:\soft\apache-maven-3.6.3-bin\maven-repository\com\fasterxml\jackson\datatype\jackson-datatype-jsr310\2.13.5\jackson-datatype-jsr310-2.13.5.jar;F:\soft\apache-maven-3.6.3-bin\maven-repository\com\fasterxml\jackson\module\jackson-module-parameter-names\2.13.5\jackson-module-parameter-names-2.13.5.jar;F:\soft\apache-maven-3.6.3-bin\maven-repository\org\springframework\boot\spring-boot-starter-tomcat\2.7.14-SNAPSHOT\spring-boot-starter-tomcat-2.7.14-SNAPSHOT.jar;F:\soft\apache-maven-3.6.3-bin\maven-repository\org\apache\tomcat\embed\tomcat-embed-core\9.0.78\tomcat-embed-core-9.0.78.jar;F:\soft\apache-maven-3.6.3-bin\maven-repository\org\apache\tomcat\embed\tomcat-embed-el\9.0.78\tomcat-embed-el-9.0.78.jar;F:\soft\apache-maven-3.6.3-bin\maven-repository\org\apache\tomcat\embed\tomcat-embed-websocket\9.0.78\tomcat-embed-websocket-9.0.78.jar;F:\soft\apache-maven-3.6.3-bin\maven-repository\org\springframework\spring-web\5.3.29\spring-web-5.3.29.jar;F:\soft\apache-maven-3.6.3-bin\maven-repository\org\springframework\spring-beans\5.3.29\spring-beans-5.3.29.jar;F:\soft\apache-maven-3.6.3-bin\maven-repository\org\springframework\spring-webmvc\5.3.29\spring-webmvc-5.3.29.jar;F:\soft\apache-maven-3.6.3-bin\maven-repository\org\springframework\spring-aop\5.3.29\spring-aop-5.3.29.jar;F:\soft\apache-maven-3.6.3-bin\maven-repository\org\springframework\spring-context\5.3.29\spring-context-5.3.29.jar;F:\soft\apache-maven-3.6.3-bin\maven-repository\org\springframework\spring-expression\5.3.29\spring-expression-5.3.29.jar;F:\soft\apache-maven-3.6.3-bin\maven-repository\org\projectlombok\lombok\1.18.28\lombok-1.18.28.jar;F:\soft\apache-maven-3.6.3-bin\maven-repository\org\springframework\boot\spring-boot-starter-test\2.7.14-SNAPSHOT\spring-boot-starter-test-2.7.14-SNAPSHOT.jar;F:\soft\apache-maven-3.6.3-bin\maven-repository\org\springframework\boot\spring-boot-test\2.7.14-SNAPSHOT\spring-boot-test-2.7.14-SNAPSHOT.jar;F:\soft\apache-maven-3.6.3-bin\maven-repository\org\springframework\boot\spring-boot-test-autoconfigure\2.7.14-SNAPSHOT\spring-boot-test-autoconfigure-2.7.14-SNAPSHOT.jar;F:\soft\apache-maven-3.6.3-bin\maven-repository\com\jayway\jsonpath\json-path\2.7.0\json-path-2.7.0.jar;F:\soft\apache-maven-3.6.3-bin\maven-repository\net\minidev\json-smart\2.4.11\json-smart-2.4.11.jar;F:\soft\apache-maven-3.6.3-bin\maven-repository\net\minidev\accessors-smart\2.4.11\accessors-smart-2.4.11.jar;F:\soft\apache-maven-3.6.3-bin\maven-repository\org\ow2\asm\asm\9.3\asm-9.3.jar;F:\soft\apache-maven-3.6.3-bin\maven-repository\org\slf4j\slf4j-api\1.7.36\slf4j-api-1.7.36.jar;F:\soft\apache-maven-3.6.3-bin\maven-repository\jakarta\xml\bind\jakarta.xml.bind-api\2.3.3\jakarta.xml.bind-api-2.3.3.jar;F:\soft\apache-maven-3.6.3-bin\maven-repository\jakarta\activation\jakarta.activation-api\1.2.2\jakarta.activation-api-1.2.2.jar;F:\soft\apache-maven-3.6.3-bin\maven-repository\org\assertj\assertj-core\3.22.0\assertj-core-3.22.0.jar;F:\soft\apache-maven-3.6.3-bin\maven-repository\org\hamcrest\hamcrest\2.2\hamcrest-2.2.jar;F:\soft\apache-maven-3.6.3-bin\maven-repository\org\junit\jupiter\junit-jupiter\5.8.2\junit-jupiter-5.8.2.jar;F:\soft\apache-maven-3.6.3-bin\maven-repository\org\junit\jupiter\junit-jupiter-api\5.8.2\junit-jupiter-api-5.8.2.jar;F:\soft\apache-maven-3.6.3-bin\maven-repository\org\opentest4j\opentest4j\1.2.0\opentest4j-1.2.0.jar;F:\soft\apache-maven-3.6.3-bin\maven-repository\org\junit\platform\junit-platform-commons\1.8.2\junit-platform-commons-1.8.2.jar;F:\soft\apache-maven-3.6.3-bin\maven-repository\org\apiguardian\apiguardian-api\1.1.2\apiguardian-api-1.1.2.jar;F:\soft\apache-maven-3.6.3-bin\maven-repository\org\junit\jupiter\junit-jupiter-params\5.8.2\junit-jupiter-params-5.8.2.jar;F:\soft\apache-maven-3.6.3-bin\maven-repository\org\junit\jupiter\junit-jupiter-engine\5.8.2\junit-jupiter-engine-5.8.2.jar;F:\soft\apache-maven-3.6.3-bin\maven-repository\org\junit\platform\junit-platform-engine\1.8.2\junit-platform-engine-1.8.2.jar;F:\soft\apache-maven-3.6.3-bin\maven-repository\org\mockito\mockito-core\4.5.1\mockito-core-4.5.1.jar;F:\soft\apache-maven-3.6.3-bin\maven-repository\net\bytebuddy\byte-buddy\1.12.23\byte-buddy-1.12.23.jar;F:\soft\apache-maven-3.6.3-bin\maven-repository\net\bytebuddy\byte-buddy-agent\1.12.23\byte-buddy-agent-1.12.23.jar;F:\soft\apache-maven-3.6.3-bin\maven-repository\org\objenesis\objenesis\3.2\objenesis-3.2.jar;F:\soft\apache-maven-3.6.3-bin\maven-repository\org\mockito\mockito-junit-jupiter\4.5.1\mockito-junit-jupiter-4.5.1.jar;F:\soft\apache-maven-3.6.3-bin\maven-repository\org\skyscreamer\jsonassert\1.5.1\jsonassert-1.5.1.jar;F:\soft\apache-maven-3.6.3-bin\maven-repository\com\vaadin\external\google\android-json\0.0.20131108.vaadin1\android-json-0.0.20131108.vaadin1.jar;F:\soft\apache-maven-3.6.3-bin\maven-repository\org\springframework\spring-core\5.3.29\spring-core-5.3.29.jar;F:\soft\apache-maven-3.6.3-bin\maven-repository\org\springframework\spring-jcl\5.3.29\spring-jcl-5.3.29.jar;F:\soft\apache-maven-3.6.3-bin\maven-repository\org\springframework\spring-test\5.3.29\spring-test-5.3.29.jar;F:\soft\apache-maven-3.6.3-bin\maven-repository\org\xmlunit\xmlunit-core\2.9.1\xmlunit-core-2.9.1.jar;F:\soft\apache-maven-3.6.3-bin\maven-repository\mysql\mysql-connector-java\8.0.28\mysql-connector-java-8.0.28.jar;F:\soft\apache-maven-3.6.3-bin\maven-repository\com\google\protobuf\protobuf-java\3.11.4\protobuf-java-3.11.4.jar;F:\soft\apache-maven-3.6.3-bin\maven-repository\org\springframework\boot\spring-boot-starter-data-redis\2.7.14-SNAPSHOT\spring-boot-starter-data-redis-2.7.14-SNAPSHOT.jar;F:\soft\apache-maven-3.6.3-bin\maven-repository\org\springframework\data\spring-data-redis\2.7.14\spring-data-redis-2.7.14.jar;F:\soft\apache-maven-3.6.3-bin\maven-repository\org\springframework\data\spring-data-keyvalue\2.7.14\spring-data-keyvalue-2.7.14.jar;F:\soft\apache-maven-3.6.3-bin\maven-repository\org\springframework\data\spring-data-commons\2.7.14\spring-data-commons-2.7.14.jar;F:\soft\apache-maven-3.6.3-bin\maven-repository\org\springframework\spring-tx\5.3.29\spring-tx-5.3.29.jar;F:\soft\apache-maven-3.6.3-bin\maven-repository\org\springframework\spring-oxm\5.3.29\spring-oxm-5.3.29.jar;F:\soft\apache-maven-3.6.3-bin\maven-repository\org\springframework\spring-context-support\5.3.29\spring-context-support-5.3.29.jar;F:\soft\apache-maven-3.6.3-bin\maven-repository\io\lettuce\lettuce-core\6.1.10.RELEASE\lettuce-core-6.1.10.RELEASE.jar;F:\soft\apache-maven-3.6.3-bin\maven-repository\io\netty\netty-common\4.1.94.Final\netty-common-4.1.94.Final.jar;F:\soft\apache-maven-3.6.3-bin\maven-repository\io\netty\netty-handler\4.1.94.Final\netty-handler-4.1.94.Final.jar;F:\soft\apache-maven-3.6.3-bin\maven-repository\io\netty\netty-resolver\4.1.94.Final\netty-resolver-4.1.94.Final.jar;F:\soft\apache-maven-3.6.3-bin\maven-repository\io\netty\netty-buffer\4.1.94.Final\netty-buffer-4.1.94.Final.jar;F:\soft\apache-maven-3.6.3-bin\maven-repository\io\netty\netty-transport-native-unix-common\4.1.94.Final\netty-transport-native-unix-common-4.1.94.Final.jar;F:\soft\apache-maven-3.6.3-bin\maven-repository\io\netty\netty-codec\4.1.94.Final\netty-codec-4.1.94.Final.jar;F:\soft\apache-maven-3.6.3-bin\maven-repository\io\netty\netty-transport\4.1.94.Final\netty-transport-4.1.94.Final.jar;F:\soft\apache-maven-3.6.3-bin\maven-repository\io\projectreactor\reactor-core\3.4.31\reactor-core-3.4.31.jar;F:\soft\apache-maven-3.6.3-bin\maven-repository\org\reactivestreams\reactive-streams\1.0.4\reactive-streams-1.0.4.jar;F:\soft\apache-maven-3.6.3-bin\maven-repository\com\baomidou\mybatis-plus-boot-starter\3.4.3\mybatis-plus-boot-starter-3.4.3.jar;F:\soft\apache-maven-3.6.3-bin\maven-repository\com\baomidou\mybatis-plus\3.4.3\mybatis-plus-3.4.3.jar;F:\soft\apache-maven-3.6.3-bin\maven-repository\com\baomidou\mybatis-plus-extension\3.4.3\mybatis-plus-extension-3.4.3.jar;F:\soft\apache-maven-3.6.3-bin\maven-repository\com\baomidou\mybatis-plus-core\3.4.3\mybatis-plus-core-3.4.3.jar;F:\soft\apache-maven-3.6.3-bin\maven-repository\com\baomidou\mybatis-plus-annotation\3.4.3\mybatis-plus-annotation-3.4.3.jar;F:\soft\apache-maven-3.6.3-bin\maven-repository\com\github\jsqlparser\jsqlparser\4.0\jsqlparser-4.0.jar;F:\soft\apache-maven-3.6.3-bin\maven-repository\org\mybatis\mybatis\3.5.7\mybatis-3.5.7.jar;F:\soft\apache-maven-3.6.3-bin\maven-repository\org\mybatis\mybatis-spring\2.0.6\mybatis-spring-2.0.6.jar;F:\soft\apache-maven-3.6.3-bin\maven-repository\org\springframework\boot\spring-boot-autoconfigure\2.7.14-SNAPSHOT\spring-boot-autoconfigure-2.7.14-SNAPSHOT.jar;F:\soft\apache-maven-3.6.3-bin\maven-repository\org\springframework\boot\spring-boot-starter-jdbc\2.7.14-SNAPSHOT\spring-boot-starter-jdbc-2.7.14-SNAPSHOT.jar;F:\soft\apache-maven-3.6.3-bin\maven-repository\com\zaxxer\HikariCP\4.0.3\HikariCP-4.0.3.jar;F:\soft\apache-maven-3.6.3-bin\maven-repository\org\springframework\spring-jdbc\5.3.29\spring-jdbc-5.3.29.jar;"/>
    <property name="java.vm.vendor" value="Oracle Corporation"/>
    <property name="sun.arch.data.model" value="64"/>
    <property name="user.variant" value=""/>
    <property name="java.vendor.url" value="http://java.oracle.com/"/>
    <property name="user.timezone" value="Asia/Shanghai"/>
    <property name="java.vm.specification.version" value="1.8"/>
    <property name="os.name" value="Windows 10"/>
    <property name="user.country" value="CN"/>
    <property name="sun.java.launcher" value="SUN_STANDARD"/>
    <property name="sun.boot.library.path" value="F:\Java\jdk1.8.0_191\jre\bin"/>
    <property name="sun.java.command" value="C:\Users\gsy13\AppData\Local\Temp\surefire9115263560743588264\surefirebooter6059329311369304086.jar C:\Users\gsy13\AppData\Local\Temp\surefire9115263560743588264 2024-06-19T22-44-38_753-jvmRun1 surefire8718088557590296239tmp surefire_06910900203686976841tmp"/>
    <property name="surefire.test.class.path" value="E:\Java-project\SE_Project\target\test-classes;E:\Java-project\SE_Project\target\classes;F:\soft\apache-maven-3.6.3-bin\maven-repository\org\springframework\boot\spring-boot-starter-web\2.7.14-SNAPSHOT\spring-boot-starter-web-2.7.14-SNAPSHOT.jar;F:\soft\apache-maven-3.6.3-bin\maven-repository\org\springframework\boot\spring-boot-starter\2.7.14-SNAPSHOT\spring-boot-starter-2.7.14-SNAPSHOT.jar;F:\soft\apache-maven-3.6.3-bin\maven-repository\org\springframework\boot\spring-boot\2.7.14-SNAPSHOT\spring-boot-2.7.14-SNAPSHOT.jar;F:\soft\apache-maven-3.6.3-bin\maven-repository\org\springframework\boot\spring-boot-starter-logging\2.7.14-SNAPSHOT\spring-boot-starter-logging-2.7.14-SNAPSHOT.jar;F:\soft\apache-maven-3.6.3-bin\maven-repository\ch\qos\logback\logback-classic\1.2.12\logback-classic-1.2.12.jar;F:\soft\apache-maven-3.6.3-bin\maven-repository\ch\qos\logback\logback-core\1.2.12\logback-core-1.2.12.jar;F:\soft\apache-maven-3.6.3-bin\maven-repository\org\apache\logging\log4j\log4j-to-slf4j\2.17.2\log4j-to-slf4j-2.17.2.jar;F:\soft\apache-maven-3.6.3-bin\maven-repository\org\apache\logging\log4j\log4j-api\2.17.2\log4j-api-2.17.2.jar;F:\soft\apache-maven-3.6.3-bin\maven-repository\org\slf4j\jul-to-slf4j\1.7.36\jul-to-slf4j-1.7.36.jar;F:\soft\apache-maven-3.6.3-bin\maven-repository\jakarta\annotation\jakarta.annotation-api\1.3.5\jakarta.annotation-api-1.3.5.jar;F:\soft\apache-maven-3.6.3-bin\maven-repository\org\yaml\snakeyaml\1.30\snakeyaml-1.30.jar;F:\soft\apache-maven-3.6.3-bin\maven-repository\org\springframework\boot\spring-boot-starter-json\2.7.14-SNAPSHOT\spring-boot-starter-json-2.7.14-SNAPSHOT.jar;F:\soft\apache-maven-3.6.3-bin\maven-repository\com\fasterxml\jackson\core\jackson-databind\2.13.5\jackson-databind-2.13.5.jar;F:\soft\apache-maven-3.6.3-bin\maven-repository\com\fasterxml\jackson\core\jackson-annotations\2.13.5\jackson-annotations-2.13.5.jar;F:\soft\apache-maven-3.6.3-bin\maven-repository\com\fasterxml\jackson\core\jackson-core\2.13.5\jackson-core-2.13.5.jar;F:\soft\apache-maven-3.6.3-bin\maven-repository\com\fasterxml\jackson\datatype\jackson-datatype-jdk8\2.13.5\jackson-datatype-jdk8-2.13.5.jar;F:\soft\apache-maven-3.6.3-bin\maven-repository\com\fasterxml\jackson\datatype\jackson-datatype-jsr310\2.13.5\jackson-datatype-jsr310-2.13.5.jar;F:\soft\apache-maven-3.6.3-bin\maven-repository\com\fasterxml\jackson\module\jackson-module-parameter-names\2.13.5\jackson-module-parameter-names-2.13.5.jar;F:\soft\apache-maven-3.6.3-bin\maven-repository\org\springframework\boot\spring-boot-starter-tomcat\2.7.14-SNAPSHOT\spring-boot-starter-tomcat-2.7.14-SNAPSHOT.jar;F:\soft\apache-maven-3.6.3-bin\maven-repository\org\apache\tomcat\embed\tomcat-embed-core\9.0.78\tomcat-embed-core-9.0.78.jar;F:\soft\apache-maven-3.6.3-bin\maven-repository\org\apache\tomcat\embed\tomcat-embed-el\9.0.78\tomcat-embed-el-9.0.78.jar;F:\soft\apache-maven-3.6.3-bin\maven-repository\org\apache\tomcat\embed\tomcat-embed-websocket\9.0.78\tomcat-embed-websocket-9.0.78.jar;F:\soft\apache-maven-3.6.3-bin\maven-repository\org\springframework\spring-web\5.3.29\spring-web-5.3.29.jar;F:\soft\apache-maven-3.6.3-bin\maven-repository\org\springframework\spring-beans\5.3.29\spring-beans-5.3.29.jar;F:\soft\apache-maven-3.6.3-bin\maven-repository\org\springframework\spring-webmvc\5.3.29\spring-webmvc-5.3.29.jar;F:\soft\apache-maven-3.6.3-bin\maven-repository\org\springframework\spring-aop\5.3.29\spring-aop-5.3.29.jar;F:\soft\apache-maven-3.6.3-bin\maven-repository\org\springframework\spring-context\5.3.29\spring-context-5.3.29.jar;F:\soft\apache-maven-3.6.3-bin\maven-repository\org\springframework\spring-expression\5.3.29\spring-expression-5.3.29.jar;F:\soft\apache-maven-3.6.3-bin\maven-repository\org\projectlombok\lombok\1.18.28\lombok-1.18.28.jar;F:\soft\apache-maven-3.6.3-bin\maven-repository\org\springframework\boot\spring-boot-starter-test\2.7.14-SNAPSHOT\spring-boot-starter-test-2.7.14-SNAPSHOT.jar;F:\soft\apache-maven-3.6.3-bin\maven-repository\org\springframework\boot\spring-boot-test\2.7.14-SNAPSHOT\spring-boot-test-2.7.14-SNAPSHOT.jar;F:\soft\apache-maven-3.6.3-bin\maven-repository\org\springframework\boot\spring-boot-test-autoconfigure\2.7.14-SNAPSHOT\spring-boot-test-autoconfigure-2.7.14-SNAPSHOT.jar;F:\soft\apache-maven-3.6.3-bin\maven-repository\com\jayway\jsonpath\json-path\2.7.0\json-path-2.7.0.jar;F:\soft\apache-maven-3.6.3-bin\maven-repository\net\minidev\json-smart\2.4.11\json-smart-2.4.11.jar;F:\soft\apache-maven-3.6.3-bin\maven-repository\net\minidev\accessors-smart\2.4.11\accessors-smart-2.4.11.jar;F:\soft\apache-maven-3.6.3-bin\maven-repository\org\ow2\asm\asm\9.3\asm-9.3.jar;F:\soft\apache-maven-3.6.3-bin\maven-repository\org\slf4j\slf4j-api\1.7.36\slf4j-api-1.7.36.jar;F:\soft\apache-maven-3.6.3-bin\maven-repository\jakarta\xml\bind\jakarta.xml.bind-api\2.3.3\jakarta.xml.bind-api-2.3.3.jar;F:\soft\apache-maven-3.6.3-bin\maven-repository\jakarta\activation\jakarta.activation-api\1.2.2\jakarta.activation-api-1.2.2.jar;F:\soft\apache-maven-3.6.3-bin\maven-repository\org\assertj\assertj-core\3.22.0\assertj-core-3.22.0.jar;F:\soft\apache-maven-3.6.3-bin\maven-repository\org\hamcrest\hamcrest\2.2\hamcrest-2.2.jar;F:\soft\apache-maven-3.6.3-bin\maven-repository\org\junit\jupiter\junit-jupiter\5.8.2\junit-jupiter-5.8.2.jar;F:\soft\apache-maven-3.6.3-bin\maven-repository\org\junit\jupiter\junit-jupiter-api\5.8.2\junit-jupiter-api-5.8.2.jar;F:\soft\apache-maven-3.6.3-bin\maven-repository\org\opentest4j\opentest4j\1.2.0\opentest4j-1.2.0.jar;F:\soft\apache-maven-3.6.3-bin\maven-repository\org\junit\platform\junit-platform-commons\1.8.2\junit-platform-commons-1.8.2.jar;F:\soft\apache-maven-3.6.3-bin\maven-repository\org\apiguardian\apiguardian-api\1.1.2\apiguardian-api-1.1.2.jar;F:\soft\apache-maven-3.6.3-bin\maven-repository\org\junit\jupiter\junit-jupiter-params\5.8.2\junit-jupiter-params-5.8.2.jar;F:\soft\apache-maven-3.6.3-bin\maven-repository\org\junit\jupiter\junit-jupiter-engine\5.8.2\junit-jupiter-engine-5.8.2.jar;F:\soft\apache-maven-3.6.3-bin\maven-repository\org\junit\platform\junit-platform-engine\1.8.2\junit-platform-engine-1.8.2.jar;F:\soft\apache-maven-3.6.3-bin\maven-repository\org\mockito\mockito-core\4.5.1\mockito-core-4.5.1.jar;F:\soft\apache-maven-3.6.3-bin\maven-repository\net\bytebuddy\byte-buddy\1.12.23\byte-buddy-1.12.23.jar;F:\soft\apache-maven-3.6.3-bin\maven-repository\net\bytebuddy\byte-buddy-agent\1.12.23\byte-buddy-agent-1.12.23.jar;F:\soft\apache-maven-3.6.3-bin\maven-repository\org\objenesis\objenesis\3.2\objenesis-3.2.jar;F:\soft\apache-maven-3.6.3-bin\maven-repository\org\mockito\mockito-junit-jupiter\4.5.1\mockito-junit-jupiter-4.5.1.jar;F:\soft\apache-maven-3.6.3-bin\maven-repository\org\skyscreamer\jsonassert\1.5.1\jsonassert-1.5.1.jar;F:\soft\apache-maven-3.6.3-bin\maven-repository\com\vaadin\external\google\android-json\0.0.20131108.vaadin1\android-json-0.0.20131108.vaadin1.jar;F:\soft\apache-maven-3.6.3-bin\maven-repository\org\springframework\spring-core\5.3.29\spring-core-5.3.29.jar;F:\soft\apache-maven-3.6.3-bin\maven-repository\org\springframework\spring-jcl\5.3.29\spring-jcl-5.3.29.jar;F:\soft\apache-maven-3.6.3-bin\maven-repository\org\springframework\spring-test\5.3.29\spring-test-5.3.29.jar;F:\soft\apache-maven-3.6.3-bin\maven-repository\org\xmlunit\xmlunit-core\2.9.1\xmlunit-core-2.9.1.jar;F:\soft\apache-maven-3.6.3-bin\maven-repository\mysql\mysql-connector-java\8.0.28\mysql-connector-java-8.0.28.jar;F:\soft\apache-maven-3.6.3-bin\maven-repository\com\google\protobuf\protobuf-java\3.11.4\protobuf-java-3.11.4.jar;F:\soft\apache-maven-3.6.3-bin\maven-repository\org\springframework\boot\spring-boot-starter-data-redis\2.7.14-SNAPSHOT\spring-boot-starter-data-redis-2.7.14-SNAPSHOT.jar;F:\soft\apache-maven-3.6.3-bin\maven-repository\org\springframework\data\spring-data-redis\2.7.14\spring-data-redis-2.7.14.jar;F:\soft\apache-maven-3.6.3-bin\maven-repository\org\springframework\data\spring-data-keyvalue\2.7.14\spring-data-keyvalue-2.7.14.jar;F:\soft\apache-maven-3.6.3-bin\maven-repository\org\springframework\data\spring-data-commons\2.7.14\spring-data-commons-2.7.14.jar;F:\soft\apache-maven-3.6.3-bin\maven-repository\org\springframework\spring-tx\5.3.29\spring-tx-5.3.29.jar;F:\soft\apache-maven-3.6.3-bin\maven-repository\org\springframework\spring-oxm\5.3.29\spring-oxm-5.3.29.jar;F:\soft\apache-maven-3.6.3-bin\maven-repository\org\springframework\spring-context-support\5.3.29\spring-context-support-5.3.29.jar;F:\soft\apache-maven-3.6.3-bin\maven-repository\io\lettuce\lettuce-core\6.1.10.RELEASE\lettuce-core-6.1.10.RELEASE.jar;F:\soft\apache-maven-3.6.3-bin\maven-repository\io\netty\netty-common\4.1.94.Final\netty-common-4.1.94.Final.jar;F:\soft\apache-maven-3.6.3-bin\maven-repository\io\netty\netty-handler\4.1.94.Final\netty-handler-4.1.94.Final.jar;F:\soft\apache-maven-3.6.3-bin\maven-repository\io\netty\netty-resolver\4.1.94.Final\netty-resolver-4.1.94.Final.jar;F:\soft\apache-maven-3.6.3-bin\maven-repository\io\netty\netty-buffer\4.1.94.Final\netty-buffer-4.1.94.Final.jar;F:\soft\apache-maven-3.6.3-bin\maven-repository\io\netty\netty-transport-native-unix-common\4.1.94.Final\netty-transport-native-unix-common-4.1.94.Final.jar;F:\soft\apache-maven-3.6.3-bin\maven-repository\io\netty\netty-codec\4.1.94.Final\netty-codec-4.1.94.Final.jar;F:\soft\apache-maven-3.6.3-bin\maven-repository\io\netty\netty-transport\4.1.94.Final\netty-transport-4.1.94.Final.jar;F:\soft\apache-maven-3.6.3-bin\maven-repository\io\projectreactor\reactor-core\3.4.31\reactor-core-3.4.31.jar;F:\soft\apache-maven-3.6.3-bin\maven-repository\org\reactivestreams\reactive-streams\1.0.4\reactive-streams-1.0.4.jar;F:\soft\apache-maven-3.6.3-bin\maven-repository\com\baomidou\mybatis-plus-boot-starter\3.4.3\mybatis-plus-boot-starter-3.4.3.jar;F:\soft\apache-maven-3.6.3-bin\maven-repository\com\baomidou\mybatis-plus\3.4.3\mybatis-plus-3.4.3.jar;F:\soft\apache-maven-3.6.3-bin\maven-repository\com\baomidou\mybatis-plus-extension\3.4.3\mybatis-plus-extension-3.4.3.jar;F:\soft\apache-maven-3.6.3-bin\maven-repository\com\baomidou\mybatis-plus-core\3.4.3\mybatis-plus-core-3.4.3.jar;F:\soft\apache-maven-3.6.3-bin\maven-repository\com\baomidou\mybatis-plus-annotation\3.4.3\mybatis-plus-annotation-3.4.3.jar;F:\soft\apache-maven-3.6.3-bin\maven-repository\com\github\jsqlparser\jsqlparser\4.0\jsqlparser-4.0.jar;F:\soft\apache-maven-3.6.3-bin\maven-repository\org\mybatis\mybatis\3.5.7\mybatis-3.5.7.jar;F:\soft\apache-maven-3.6.3-bin\maven-repository\org\mybatis\mybatis-spring\2.0.6\mybatis-spring-2.0.6.jar;F:\soft\apache-maven-3.6.3-bin\maven-repository\org\springframework\boot\spring-boot-autoconfigure\2.7.14-SNAPSHOT\spring-boot-autoconfigure-2.7.14-SNAPSHOT.jar;F:\soft\apache-maven-3.6.3-bin\maven-repository\org\springframework\boot\spring-boot-starter-jdbc\2.7.14-SNAPSHOT\spring-boot-starter-jdbc-2.7.14-SNAPSHOT.jar;F:\soft\apache-maven-3.6.3-bin\maven-repository\com\zaxxer\HikariCP\4.0.3\HikariCP-4.0.3.jar;F:\soft\apache-maven-3.6.3-bin\maven-repository\org\springframework\spring-jdbc\5.3.29\spring-jdbc-5.3.29.jar;"/>
    <property name="sun.cpu.endian" value="little"/>
    <property name="user.home" value="C:\Users\gsy13"/>
    <property name="user.language" value="zh"/>
    <property name="java.specification.vendor" value="Oracle Corporation"/>
    <property name="java.home" value="F:\Java\jdk1.8.0_191\jre"/>
    <property name="basedir" value="E:\Java-project\SE_Project"/>
    <property name="file.separator" value="\"/>
    <property name="line.separator" value="&#10;"/>
    <property name="java.vm.specification.vendor" value="Oracle Corporation"/>
    <property name="java.specification.name" value="Java Platform API Specification"/>
    <property name="java.awt.graphicsenv" value="sun.awt.Win32GraphicsEnvironment"/>
    <property name="surefire.real.class.path" value="C:\Users\gsy13\AppData\Local\Temp\surefire9115263560743588264\surefirebooter6059329311369304086.jar"/>
    <property name="sun.boot.class.path" value="F:\Java\jdk1.8.0_191\jre\lib\resources.jar;F:\Java\jdk1.8.0_191\jre\lib\rt.jar;F:\Java\jdk1.8.0_191\jre\lib\sunrsasign.jar;F:\Java\jdk1.8.0_191\jre\lib\jsse.jar;F:\Java\jdk1.8.0_191\jre\lib\jce.jar;F:\Java\jdk1.8.0_191\jre\lib\charsets.jar;F:\Java\jdk1.8.0_191\jre\lib\jfr.jar;F:\Java\jdk1.8.0_191\jre\classes"/>
    <property name="user.script" value=""/>
    <property name="sun.management.compiler" value="HotSpot 64-Bit Tiered Compilers"/>
    <property name="java.runtime.version" value="1.8.0_191-b12"/>
    <property name="user.name" value="gsy13"/>
    <property name="path.separator" value=";"/>
    <property name="os.version" value="10.0"/>
    <property name="java.endorsed.dirs" value="F:\Java\jdk1.8.0_191\jre\lib\endorsed"/>
    <property name="java.runtime.name" value="Java(TM) SE Runtime Environment"/>
    <property name="file.encoding" value="GBK"/>
    <property name="java.vm.name" value="Java HotSpot(TM) 64-Bit Server VM"/>
    <property name="localRepository" value="F:\soft\apache-maven-3.6.3-bin\maven-repository"/>
    <property name="java.vendor.url.bug" value="http://bugreport.sun.com/bugreport/"/>
    <property name="java.io.tmpdir" value="C:\Users\gsy13\AppData\Local\Temp\"/>
    <property name="idea.version" value="2024.1.2"/>
    <property name="java.version" value="1.8.0_191"/>
    <property name="user.dir" value="E:\Java-project\SE_Project"/>
    <property name="os.arch" value="amd64"/>
    <property name="java.vm.specification.name" value="Java Virtual Machine Specification"/>
    <property name="java.awt.printerjob" value="sun.awt.windows.WPrinterJob"/>
    <property name="sun.os.patch.level" value=""/>
    <property name="java.library.path" value="F:\Java\jdk1.8.0_191\jre\bin;C:\WINDOWS\Sun\Java\bin;C:\WINDOWS\system32;C:\WINDOWS;F:\NVIDIA  GPU Computing Toolkit\CUDA\v12.2\bin;F:\NVIDIA  GPU Computing Toolkit\CUDA\v12.2\libnvvp;C:\Program Files (x86)\Common Files\Oracle\Java\javapath;C:\Program Files (x86)\VMware\VMware Workstation\bin\;C:\Program Files\Common Files\Oracle\Java\javapath;C:\Program Files (x86)\Common Files\Intel\Shared Libraries\redist\intel64\compiler;C:\Windows\system32;C:\Windows;C:\Windows\System32\Wbem;C:\Windows\System32\WindowsPowerShell\v1.0\;C:\Windows\System32\OpenSSH\;C:\Program Files (x86)\NVIDIA Corporation\PhysX\Common;C:\Program Files\NVIDIA Corporation\NVIDIA NvDLISR;C:\WINDOWS\system32;C:\WINDOWS;C:\WINDOWS\System32\Wbem;C:\WINDOWS\System32\WindowsPowerShell\v1.0\;C:\WINDOWS\System32\OpenSSH\;C:\Program Files\dotnet\;C:\Program Files (x86)\ZeroTier\One\;F:\Xshell7\;C:\Program Files\MySQL\MySQL Server 8.0\bin;C:\Program Files\Microsoft SQL Server\150\Tools\Binn\;C:\Program Files\Microsoft SQL Server\Client SDK\ODBC\170\Tools\Binn\;E:\node-v18.14.2-win-x64\node-v18.14.2-win-x64;F:\Python\Python-3.8.10\Scripts\;F:\Python\Python-3.8.10\;F:\soft\apache-maven-3.6.3-bin\apache-maven-3.6.3\bin;F:\Java\jdk1.8.0_191;E:\IDEA\IntelliJ IDEA Community Edition 2022.3\jbr;\bin;F:\soft\mysql-8.0.26-winx64\mysql-8.0.26-winx64;F:\soft\mysql-8.0.26-winx64\mysql-8.0.26-winx64\bin;G:\AOMEI\AOMEI Backupper\6.10.0;C:\Program Files\NVIDIA Corporation\Nsight Compute 2023.2.2\;F:\Xftp_7\;F:\Git\cmd;F:\HUAWEI-LiteOS-Studio\bin;F:\实验2-windows端软件-Hadoop\windows端\hadoop-3.3.1\bin;C:\Users\gsy13\AppData\Local\Programs\Python\Python37;C:\Users\gsy13\AppData\Local\Programs\Python\Python37\Scripts;C:\Users\gsy13\AppData\Local\Programs\Python\Python37\Scripts\;C:\Users\gsy13\AppData\Local\Programs\Python\Python37\;F:\Python\Python-3.8.10\Scripts\;F:\Python\Python-3.8.10\;C:\Users\gsy13\AppData\Local\Microsoft\WindowsApps;F:\Java\jdk1.8.0_191;E:\IDEA\IntelliJ IDEA Community Edition 2022.3\jbr;\bin;C:\Users\gsy13\.dotnet\tools;F:\Microsoft VS Code\bin;F:\soft\mysql-8.0.26-winx64\mysql-8.0.26-winx64\bin;F:\JetBrains\IntelliJ IDEA Community Edition 2024.1.1\bin;;F:\实验2-windows端软件-Hadoop\windows端\hadoop-3.3.1\bin;;."/>
    <property name="java.vm.info" value="mixed mode"/>
    <property name="java.vendor" value="Oracle Corporation"/>
    <property name="java.vm.version" value="25.191-b12"/>
    <property name="java.ext.dirs" value="F:\Java\jdk1.8.0_191\jre\lib\ext;C:\WINDOWS\Sun\Java\lib\ext"/>
    <property name="sun.io.unicode.encoding" value="UnicodeLittle"/>
    <property name="java.class.version" value="52.0"/>
  </properties>
  <testcase name="contextLoads" classname="com.hit_se.se_project.SeProjectApplicationTests" time="0.2"/>
</testsuite>